[ 2016-04-26T08:23:21+08:00 ] ::1 /weibo/
INFO: [ app_init ] --START--
INFO: Run Behavior\BuildLiteBehavior [ RunTime:0.000036s ]
INFO: [ app_init ] --END-- [ RunTime:0.000226s ]
INFO: [ app_begin ] --START--
INFO: Run Behavior\ReadHtmlCacheBehavior [ RunTime:0.002010s ]
INFO: [ app_begin ] --END-- [ RunTime:0.002231s ]
SQL: SHOW COLUMNS FROM `wb_user` [ RunTime:0.0091s ]
SQL: SELECT `id` FROM `wb_user` WHERE `id` = null LIMIT 1   [ RunTime:0.0005s ]

[ 2016-04-26T08:23:21+08:00 ] ::1 /weibo/index.php/Home/Login/index
INFO: [ app_init ] --START--
INFO: Run Behavior\BuildLiteBehavior [ RunTime:0.000027s ]
INFO: [ app_init ] --END-- [ RunTime:0.000154s ]
INFO: [ app_begin ] --START--
INFO: Run Behavior\ReadHtmlCacheBehavior [ RunTime:0.000426s ]
INFO: [ app_begin ] --END-- [ RunTime:0.000561s ]
INFO: [ view_parse ] --START--
INFO: [ template_filter ] --START--
INFO: Run Behavior\ContentReplaceBehavior [ RunTime:0.000116s ]
INFO: [ template_filter ] --END-- [ RunTime:0.000277s ]
INFO: Run Behavior\ParseTemplateBehavior [ RunTime:0.014796s ]
INFO: [ view_parse ] --END-- [ RunTime:0.014955s ]
INFO: [ view_filter ] --START--
INFO: Run Behavior\WriteHtmlCacheBehavior [ RunTime:0.001142s ]
INFO: [ view_filter ] --END-- [ RunTime:0.001301s ]
INFO: [ app_end ] --START--
INFO: Run Behavior\ShowPageTraceBehavior [ RunTime:0.001900s ]
INFO: [ app_end ] --END-- [ RunTime:0.002105s ]

[ 2016-04-26T08:23:21+08:00 ] ::1 /weibo/index.php/Home/favicon.ico
INFO: [ app_init ] --START--
INFO: Run Behavior\BuildLiteBehavior [ RunTime:0.000048s ]
INFO: [ app_init ] --END-- [ RunTime:0.000280s ]

[ 2016-04-26T08:23:21+08:00 ] ::1 /weibo/index.php/Home/favicon.ico
INFO: [ app_init ] --START--
INFO: Run Behavior\BuildLiteBehavior [ RunTime:0.000028s ]
INFO: [ app_init ] --END-- [ RunTime:0.000171s ]

[ 2016-04-26T08:26:21+08:00 ] ::1 /weibo/index.php/Home/Login/index
INFO: [ app_init ] --START--
INFO: Run Behavior\BuildLiteBehavior [ RunTime:0.000034s ]
INFO: [ app_init ] --END-- [ RunTime:0.000196s ]
INFO: [ app_begin ] --START--
INFO: Run Behavior\ReadHtmlCacheBehavior [ RunTime:0.000726s ]
INFO: [ app_begin ] --END-- [ RunTime:0.000899s ]
INFO: [ view_parse ] --START--
INFO: [ template_filter ] --START--
INFO: Run Behavior\ContentReplaceBehavior [ RunTime:0.000110s ]
INFO: [ template_filter ] --END-- [ RunTime:0.000273s ]
INFO: Run Behavior\ParseTemplateBehavior [ RunTime:0.011169s ]
INFO: [ view_parse ] --END-- [ RunTime:0.011335s ]
INFO: [ view_filter ] --START--
INFO: Run Behavior\WriteHtmlCacheBehavior [ RunTime:0.000473s ]
INFO: [ view_filter ] --END-- [ RunTime:0.000619s ]
INFO: [ app_end ] --START--
INFO: Run Behavior\ShowPageTraceBehavior [ RunTime:0.000745s ]
INFO: [ app_end ] --END-- [ RunTime:0.000893s ]

[ 2016-04-26T08:26:59+08:00 ] ::1 /weibo/index.php/Home/Login/index
INFO: [ app_init ] --START--
INFO: Run Behavior\BuildLiteBehavior [ RunTime:0.000026s ]
INFO: [ app_init ] --END-- [ RunTime:0.000155s ]
INFO: [ app_begin ] --START--
INFO: Run Behavior\ReadHtmlCacheBehavior [ RunTime:0.000509s ]
INFO: [ app_begin ] --END-- [ RunTime:0.000643s ]
INFO: [ view_parse ] --START--
INFO: [ template_filter ] --START--
INFO: Run Behavior\ContentReplaceBehavior [ RunTime:0.000109s ]
INFO: [ template_filter ] --END-- [ RunTime:0.000262s ]
INFO: Run Behavior\ParseTemplateBehavior [ RunTime:0.009392s ]
INFO: [ view_parse ] --END-- [ RunTime:0.009523s ]
INFO: [ view_filter ] --START--
INFO: Run Behavior\WriteHtmlCacheBehavior [ RunTime:0.000278s ]
INFO: [ view_filter ] --END-- [ RunTime:0.000394s ]
INFO: [ app_end ] --START--
INFO: Run Behavior\ShowPageTraceBehavior [ RunTime:0.000435s ]
INFO: [ app_end ] --END-- [ RunTime:0.000553s ]

[ 2016-04-26T08:27:49+08:00 ] ::1 /weibo/index.php/Home/Login/index
INFO: [ app_init ] --START--
INFO: Run Behavior\BuildLiteBehavior [ RunTime:0.000033s ]
INFO: [ app_init ] --END-- [ RunTime:0.000195s ]
INFO: [ app_begin ] --START--
INFO: Run Behavior\ReadHtmlCacheBehavior [ RunTime:0.000526s ]
INFO: [ app_begin ] --END-- [ RunTime:0.000691s ]
INFO: [ view_parse ] --START--
INFO: [ template_filter ] --START--
INFO: Run Behavior\ContentReplaceBehavior [ RunTime:0.000179s ]
INFO: [ template_filter ] --END-- [ RunTime:0.000457s ]
INFO: Run Behavior\ParseTemplateBehavior [ RunTime:0.016131s ]
INFO: [ view_parse ] --END-- [ RunTime:0.016294s ]
INFO: [ view_filter ] --START--
INFO: Run Behavior\WriteHtmlCacheBehavior [ RunTime:0.000349s ]
INFO: [ view_filter ] --END-- [ RunTime:0.000494s ]
INFO: [ app_end ] --START--
INFO: Run Behavior\ShowPageTraceBehavior [ RunTime:0.000634s ]
INFO: [ app_end ] --END-- [ RunTime:0.000781s ]

[ 2016-04-26T08:28:01+08:00 ] ::1 /weibo/index.php/Home/Login/index
INFO: [ app_init ] --START--
INFO: Run Behavior\BuildLiteBehavior [ RunTime:0.000119s ]
INFO: [ app_init ] --END-- [ RunTime:0.000451s ]
INFO: [ app_begin ] --START--
INFO: Run Behavior\ReadHtmlCacheBehavior [ RunTime:0.000805s ]
INFO: [ app_begin ] --END-- [ RunTime:0.001046s ]
INFO: [ view_parse ] --START--
INFO: [ template_filter ] --START--
INFO: Run Behavior\ContentReplaceBehavior [ RunTime:0.000087s ]
INFO: [ template_filter ] --END-- [ RunTime:0.000222s ]
INFO: Run Behavior\ParseTemplateBehavior [ RunTime:0.007749s ]
INFO: [ view_parse ] --END-- [ RunTime:0.007892s ]
INFO: [ view_filter ] --START--
INFO: Run Behavior\WriteHtmlCacheBehavior [ RunTime:0.000304s ]
INFO: [ view_filter ] --END-- [ RunTime:0.000428s ]
INFO: [ app_end ] --START--
INFO: Run Behavior\ShowPageTraceBehavior [ RunTime:0.000539s ]
INFO: [ app_end ] --END-- [ RunTime:0.000674s ]

[ 2016-04-26T08:28:26+08:00 ] ::1 /weibo/index.php/Home/Login/index
INFO: [ app_init ] --START--
INFO: Run Behavior\BuildLiteBehavior [ RunTime:0.000032s ]
INFO: [ app_init ] --END-- [ RunTime:0.000191s ]
INFO: [ app_begin ] --START--
INFO: Run Behavior\ReadHtmlCacheBehavior [ RunTime:0.000678s ]
INFO: [ app_begin ] --END-- [ RunTime:0.000844s ]
INFO: [ view_parse ] --START--
INFO: [ template_filter ] --START--
INFO: Run Behavior\ContentReplaceBehavior [ RunTime:0.000086s ]
INFO: [ template_filter ] --END-- [ RunTime:0.000227s ]
INFO: Run Behavior\ParseTemplateBehavior [ RunTime:0.010945s ]
INFO: [ view_parse ] --END-- [ RunTime:0.011093s ]
INFO: [ view_filter ] --START--
INFO: Run Behavior\WriteHtmlCacheBehavior [ RunTime:0.000388s ]
INFO: [ view_filter ] --END-- [ RunTime:0.000505s ]
INFO: [ app_end ] --START--
INFO: Run Behavior\ShowPageTraceBehavior [ RunTime:0.000527s ]
INFO: [ app_end ] --END-- [ RunTime:0.000646s ]

[ 2016-04-26T08:32:40+08:00 ] ::1 /weibo/
INFO: [ app_init ] --START--
INFO: Run Behavior\BuildLiteBehavior [ RunTime:0.000032s ]
INFO: [ app_init ] --END-- [ RunTime:0.022629s ]
INFO: [ app_begin ] --START--
INFO: Run Behavior\ReadHtmlCacheBehavior [ RunTime:0.001945s ]
INFO: [ app_begin ] --END-- [ RunTime:0.002107s ]
SQL: SHOW COLUMNS FROM `wb_user` [ RunTime:0.0250s ]
SQL: SELECT `id` FROM `wb_user` WHERE `id` = null LIMIT 1   [ RunTime:0.0005s ]

[ 2016-04-26T08:32:40+08:00 ] ::1 /weibo/index.php/Home/Login/index
INFO: [ app_init ] --START--
INFO: Run Behavior\BuildLiteBehavior [ RunTime:0.000063s ]
INFO: [ app_init ] --END-- [ RunTime:0.000381s ]
INFO: [ app_begin ] --START--
INFO: Run Behavior\ReadHtmlCacheBehavior [ RunTime:0.002048s ]
INFO: [ app_begin ] --END-- [ RunTime:0.002604s ]
INFO: [ view_parse ] --START--
INFO: [ template_filter ] --START--
INFO: Run Behavior\ContentReplaceBehavior [ RunTime:0.000872s ]
INFO: [ template_filter ] --END-- [ RunTime:0.001278s ]
INFO: Run Behavior\ParseTemplateBehavior [ RunTime:0.048597s ]
INFO: [ view_parse ] --END-- [ RunTime:0.048933s ]
INFO: [ view_filter ] --START--
INFO: Run Behavior\WriteHtmlCacheBehavior [ RunTime:0.014445s ]
INFO: [ view_filter ] --END-- [ RunTime:0.014772s ]
INFO: [ app_end ] --START--
INFO: Run Behavior\ShowPageTraceBehavior [ RunTime:0.007010s ]
INFO: [ app_end ] --END-- [ RunTime:0.007337s ]

[ 2016-04-26T08:32:41+08:00 ] ::1 /weibo/index.php/Home/favicon.ico
INFO: [ app_init ] --START--
INFO: Run Behavior\BuildLiteBehavior [ RunTime:0.000030s ]
INFO: [ app_init ] --END-- [ RunTime:0.000197s ]

[ 2016-04-26T08:32:41+08:00 ] ::1 /weibo/index.php/Home/favicon.ico
INFO: [ app_init ] --START--
INFO: Run Behavior\BuildLiteBehavior [ RunTime:0.000042s ]
INFO: [ app_init ] --END-- [ RunTime:0.000204s ]

[ 2016-04-26T08:33:28+08:00 ] ::1 /weibo/index.php/Home/Login/index
INFO: [ app_init ] --START--
INFO: Run Behavior\BuildLiteBehavior [ RunTime:0.000029s ]
INFO: [ app_init ] --END-- [ RunTime:0.000163s ]
INFO: [ app_begin ] --START--
INFO: Run Behavior\ReadHtmlCacheBehavior [ RunTime:0.000439s ]
INFO: [ app_begin ] --END-- [ RunTime:0.000573s ]
INFO: [ view_parse ] --START--
INFO: [ template_filter ] --START--
INFO: Run Behavior\ContentReplaceBehavior [ RunTime:0.000129s ]
INFO: [ template_filter ] --END-- [ RunTime:0.000405s ]
INFO: Run Behavior\ParseTemplateBehavior [ RunTime:0.009273s ]
INFO: [ view_parse ] --END-- [ RunTime:0.009411s ]
INFO: [ view_filter ] --START--
INFO: Run Behavior\WriteHtmlCacheBehavior [ RunTime:0.000334s ]
INFO: [ view_filter ] --END-- [ RunTime:0.000463s ]
INFO: [ app_end ] --START--
INFO: Run Behavior\ShowPageTraceBehavior [ RunTime:0.001461s ]
INFO: [ app_end ] --END-- [ RunTime:0.001585s ]

[ 2016-04-26T08:33:29+08:00 ] ::1 /weibo/index.php/Home/Login/cacheLogin
INFO: [ app_init ] --START--
INFO: Run Behavior\BuildLiteBehavior [ RunTime:0.000030s ]
INFO: [ app_init ] --END-- [ RunTime:0.000487s ]
INFO: [ app_begin ] --START--
INFO: Run Behavior\ReadHtmlCacheBehavior [ RunTime:0.000486s ]
INFO: [ app_begin ] --END-- [ RunTime:0.000636s ]
SQL: SHOW COLUMNS FROM `wb_user` [ RunTime:0.0047s ]
SQL: SELECT * FROM `wb_user` WHERE `account` = '' AND `password` = 'd41d8cd98f00b204e9800998ecf8427e' LIMIT 1   [ RunTime:0.0004s ]
INFO: [ view_parse ] --START--
INFO: [ template_filter ] --START--
INFO: Run Behavior\ContentReplaceBehavior [ RunTime:0.000075s ]
INFO: [ template_filter ] --END-- [ RunTime:0.000213s ]
INFO: Run Behavior\ParseTemplateBehavior [ RunTime:0.017313s ]
INFO: [ view_parse ] --END-- [ RunTime:0.017522s ]
INFO: [ view_filter ] --START--
INFO: Run Behavior\WriteHtmlCacheBehavior [ RunTime:0.000495s ]
INFO: [ view_filter ] --END-- [ RunTime:0.000666s ]

[ 2016-04-26T08:33:31+08:00 ] ::1 /weibo/index.php/Home/Login/cacheLogin
INFO: [ app_init ] --START--
INFO: Run Behavior\BuildLiteBehavior [ RunTime:0.000032s ]
INFO: [ app_init ] --END-- [ RunTime:0.000519s ]
INFO: [ app_begin ] --START--
INFO: Run Behavior\ReadHtmlCacheBehavior [ RunTime:0.000432s ]
INFO: [ app_begin ] --END-- [ RunTime:0.000567s ]
SQL: SHOW COLUMNS FROM `wb_user` [ RunTime:0.0044s ]
SQL: SELECT * FROM `wb_user` WHERE `account` = '' AND `password` = 'd41d8cd98f00b204e9800998ecf8427e' LIMIT 1   [ RunTime:0.0003s ]
INFO: [ view_parse ] --START--
INFO: [ template_filter ] --START--
INFO: Run Behavior\ContentReplaceBehavior [ RunTime:0.000068s ]
INFO: [ template_filter ] --END-- [ RunTime:0.000198s ]
INFO: Run Behavior\ParseTemplateBehavior [ RunTime:0.009253s ]
INFO: [ view_parse ] --END-- [ RunTime:0.009403s ]
INFO: [ view_filter ] --START--
INFO: Run Behavior\WriteHtmlCacheBehavior [ RunTime:0.000280s ]
INFO: [ view_filter ] --END-- [ RunTime:0.000394s ]

[ 2016-04-26T08:33:36+08:00 ] ::1 /weibo/index.php/Home/Login/cacheLogin
INFO: [ app_init ] --START--
INFO: Run Behavior\BuildLiteBehavior [ RunTime:0.000058s ]
INFO: [ app_init ] --END-- [ RunTime:0.000716s ]
INFO: [ app_begin ] --START--
INFO: Run Behavior\ReadHtmlCacheBehavior [ RunTime:0.000463s ]
INFO: [ app_begin ] --END-- [ RunTime:0.000604s ]
SQL: SHOW COLUMNS FROM `wb_user` [ RunTime:0.0053s ]
SQL: SELECT * FROM `wb_user` WHERE `account` = 'xiaomao' AND `password` = 'da7fcc537e07cfd9fbfc7a97ad958132' LIMIT 1   [ RunTime:0.0004s ]
INFO: [ view_parse ] --START--
INFO: [ template_filter ] --START--
INFO: Run Behavior\ContentReplaceBehavior [ RunTime:0.000072s ]
INFO: [ template_filter ] --END-- [ RunTime:0.000207s ]
INFO: Run Behavior\ParseTemplateBehavior [ RunTime:0.007275s ]
INFO: [ view_parse ] --END-- [ RunTime:0.007425s ]
INFO: [ view_filter ] --START--
INFO: Run Behavior\WriteHtmlCacheBehavior [ RunTime:0.000328s ]
INFO: [ view_filter ] --END-- [ RunTime:0.000455s ]

[ 2016-04-26T08:33:40+08:00 ] ::1 /weibo/index.php/Home/Login/cacheLogin
INFO: [ app_init ] --START--
INFO: Run Behavior\BuildLiteBehavior [ RunTime:0.000028s ]
INFO: [ app_init ] --END-- [ RunTime:0.000435s ]
INFO: [ app_begin ] --START--
INFO: Run Behavior\ReadHtmlCacheBehavior [ RunTime:0.000459s ]
INFO: [ app_begin ] --END-- [ RunTime:0.000598s ]
SQL: SHOW COLUMNS FROM `wb_user` [ RunTime:0.0046s ]
SQL: SELECT * FROM `wb_user` WHERE `account` = 'xiaomao' AND `password` = '20917c851c4a54f2a054390dac9085b7' LIMIT 1   [ RunTime:0.0004s ]

[ 2016-04-26T08:33:42+08:00 ] ::1 /weibo/index.php/Home/Self/index
INFO: [ app_init ] --START--
INFO: Run Behavior\BuildLiteBehavior [ RunTime:0.000065s ]
INFO: [ app_init ] --END-- [ RunTime:0.000394s ]
INFO: [ app_begin ] --START--
INFO: Run Behavior\ReadHtmlCacheBehavior [ RunTime:0.000714s ]
INFO: [ app_begin ] --END-- [ RunTime:0.000967s ]
SQL: SHOW COLUMNS FROM `wb_userinfo` [ RunTime:0.0460s ]
SQL: SELECT `username`,`face`,`intro`,`follow`,`fans`,`weibo`,`uid` FROM `wb_userinfo` WHERE `uid` = 7 LIMIT 1   [ RunTime:0.0005s ]
SQL: SHOW COLUMNS FROM `wb_group` [ RunTime:0.0299s ]
SQL: SELECT * FROM `wb_group` WHERE `uid` = 7  [ RunTime:0.0004s ]
SQL: SHOW COLUMNS FROM `wb_weibo` [ RunTime:0.0119s ]
SQL: SELECT `content`,`comment`,`id` FROM `wb_weibo` ORDER BY comment DESC LIMIT 10   [ RunTime:0.0005s ]
SQL: SHOW COLUMNS FROM `wb_follow` [ RunTime:0.0175s ]
SQL: SELECT `follow` FROM `wb_follow` WHERE `fans` = 7  [ RunTime:0.0005s ]
SQL: SHOW COLUMNS FROM `wb_picture` [ RunTime:0.0106s ]
SQL: SELECT weibo.content AS content,weibo.isturn AS isturn,weibo.time AS time,weibo.turn AS turn,weibo.praise AS praise,weibo.comment AS comment,weibo.uid AS uid,weibo.id AS id,userinfo.username AS username,userinfo.face AS face,picture.mini AS mini,picture.medium AS medium,picture.max AS max FROM wb_weibo weibo LEFT JOIN wb_userinfo userinfo ON weibo.uid=userinfo.uid LEFT JOIN wb_picture picture ON weibo.id=picture.wid WHERE weibo.uid IN ('7','28','29','11','18','25','16','26','22','23','24','20','33','17','17','32','6','30','27','14','8','31','15','21','13','34','5','9','10','12') ORDER BY `time` DESC LIMIT 0,10   [ RunTime:0.0009s ]
SQL: SELECT weibo.content AS content,weibo.isturn AS isturn,weibo.time AS time,weibo.turn AS turn,weibo.praise AS praise,weibo.comment AS comment,weibo.uid AS uid,weibo.id AS id,userinfo.username AS username,userinfo.face AS face,picture.mini AS mini,picture.medium AS medium,picture.max AS max FROM wb_weibo weibo LEFT JOIN wb_userinfo userinfo ON weibo.uid=userinfo.uid LEFT JOIN wb_picture picture ON weibo.id=picture.wid WHERE weibo.id = '1' LIMIT 1   [ RunTime:0.0004s ]
SQL: SELECT weibo.content AS content,weibo.isturn AS isturn,weibo.time AS time,weibo.turn AS turn,weibo.praise AS praise,weibo.comment AS comment,weibo.uid AS uid,weibo.id AS id,userinfo.username AS username,userinfo.face AS face,picture.mini AS mini,picture.medium AS medium,picture.max AS max FROM wb_weibo weibo LEFT JOIN wb_userinfo userinfo ON weibo.uid=userinfo.uid LEFT JOIN wb_picture picture ON weibo.id=picture.wid WHERE weibo.id = '1' LIMIT 1   [ RunTime:0.0004s ]
SQL: SELECT weibo.content AS content,weibo.isturn AS isturn,weibo.time AS time,weibo.turn AS turn,weibo.praise AS praise,weibo.comment AS comment,weibo.uid AS uid,weibo.id AS id,userinfo.username AS username,userinfo.face AS face,picture.mini AS mini,picture.medium AS medium,picture.max AS max FROM wb_weibo weibo LEFT JOIN wb_userinfo userinfo ON weibo.uid=userinfo.uid LEFT JOIN wb_picture picture ON weibo.id=picture.wid WHERE weibo.id = '1' LIMIT 1   [ RunTime:0.0004s ]
SQL: SELECT weibo.content AS content,weibo.isturn AS isturn,weibo.time AS time,weibo.turn AS turn,weibo.praise AS praise,weibo.comment AS comment,weibo.uid AS uid,weibo.id AS id,userinfo.username AS username,userinfo.face AS face,picture.mini AS mini,picture.medium AS medium,picture.max AS max FROM wb_weibo weibo LEFT JOIN wb_userinfo userinfo ON weibo.uid=userinfo.uid LEFT JOIN wb_picture picture ON weibo.id=picture.wid WHERE weibo.id = '1' LIMIT 1   [ RunTime:0.0004s ]
SQL: SELECT weibo.content AS content,weibo.isturn AS isturn,weibo.time AS time,weibo.turn AS turn,weibo.praise AS praise,weibo.comment AS comment,weibo.uid AS uid,weibo.id AS id,userinfo.username AS username,userinfo.face AS face,picture.mini AS mini,picture.medium AS medium,picture.max AS max FROM wb_weibo weibo LEFT JOIN wb_userinfo userinfo ON weibo.uid=userinfo.uid LEFT JOIN wb_picture picture ON weibo.id=picture.wid WHERE weibo.id = '111' LIMIT 1   [ RunTime:0.0004s ]
SQL: SELECT `follow` FROM `wb_follow` WHERE `fans` = 7  [ RunTime:0.0005s ]
SQL: SELECT
                      u.uid,
                      u.username,
                      u.face,
                      u.location,
                      u.sex,
                      COUNT(f.follow) AS count
                 FROM
                      wb_follow f
            LEFT JOIN
                      wb_userinfo u
                   ON
                      f.follow=u.uid
                WHERE
                      f.fans  IN (28,29,11,18,25,16,26,22,23,24,20,33,17,17,32,6,30,27,14,8,31,15,21,13,34,5,9,10,12)
                  AND
                      f.follow NOT IN (28,29,11,18,25,16,26,22,23,24,20,33,17,17,32,6,30,27,14,8,31,15,21,13,34,5,9,10,12)
                  AND
                      f.follow<>7
             GROUP BY
                      f.follow
             ORDER BY
                      count DESC
                LIMIT
                      4
                       [ RunTime:0.0008s ]
INFO: [ view_parse ] --START--
INFO: [ template_filter ] --START--
INFO: Run Behavior\ContentReplaceBehavior [ RunTime:0.000192s ]
INFO: [ template_filter ] --END-- [ RunTime:0.000379s ]
SQL: SELECT `style` FROM `wb_userinfo` WHERE `uid` = 7 LIMIT 1   [ RunTime:0.0005s ]
NOTIC: [8] Use of undefined constant hotwb - assumed 'hotwb' E:\wamp\www\weibo\Index\Runtime\Cache\Home\fbfe47e79fa79c3498950d6bf4c09da3.php 第 351 行.
INFO: Run Behavior\ParseTemplateBehavior [ RunTime:0.116444s ]
INFO: [ view_parse ] --END-- [ RunTime:0.116576s ]
INFO: [ view_filter ] --START--
INFO: Run Behavior\WriteHtmlCacheBehavior [ RunTime:0.000485s ]
INFO: [ view_filter ] --END-- [ RunTime:0.000624s ]
INFO: [ app_end ] --START--
INFO: Run Behavior\ShowPageTraceBehavior [ RunTime:0.001987s ]
INFO: [ app_end ] --END-- [ RunTime:0.002145s ]

[ 2016-04-26T08:33:51+08:00 ] ::1 /weibo/index.php/Home/Self/changebg
INFO: [ app_init ] --START--
INFO: Run Behavior\BuildLiteBehavior [ RunTime:0.000030s ]
INFO: [ app_init ] --END-- [ RunTime:0.000537s ]
INFO: [ app_begin ] --START--
INFO: Run Behavior\ReadHtmlCacheBehavior [ RunTime:0.000629s ]
INFO: [ app_begin ] --END-- [ RunTime:0.000755s ]
SQL: SHOW COLUMNS FROM `wb_userinfo` [ RunTime:0.0045s ]
SQL: UPDATE `wb_userinfo` SET `style`='default' WHERE `uid` = 7 [ RunTime:0.0005s ]
INFO: [ app_end ] --START--
INFO: Run Behavior\ShowPageTraceBehavior [ RunTime:0.001250s ]
INFO: [ app_end ] --END-- [ RunTime:0.001415s ]

[ 2016-04-26T08:33:51+08:00 ] ::1 /weibo/index.php/Home/Self/index
INFO: [ app_init ] --START--
INFO: Run Behavior\BuildLiteBehavior [ RunTime:0.000028s ]
INFO: [ app_init ] --END-- [ RunTime:0.000170s ]
INFO: [ app_begin ] --START--
INFO: Run Behavior\ReadHtmlCacheBehavior [ RunTime:0.000509s ]
INFO: [ app_begin ] --END-- [ RunTime:0.000661s ]
SQL: SHOW COLUMNS FROM `wb_userinfo` [ RunTime:0.0071s ]
SQL: SELECT `username`,`face`,`intro`,`follow`,`fans`,`weibo`,`uid` FROM `wb_userinfo` WHERE `uid` = 7 LIMIT 1   [ RunTime:0.0005s ]
SQL: SHOW COLUMNS FROM `wb_group` [ RunTime:0.0119s ]
SQL: SELECT * FROM `wb_group` WHERE `uid` = 7  [ RunTime:0.0004s ]
SQL: SHOW COLUMNS FROM `wb_follow` [ RunTime:0.0062s ]
SQL: SELECT `follow` FROM `wb_follow` WHERE `fans` = 7  [ RunTime:0.0004s ]
SQL: SHOW COLUMNS FROM `wb_weibo` [ RunTime:0.0042s ]
SQL: SHOW COLUMNS FROM `wb_picture` [ RunTime:0.0038s ]
SQL: SELECT weibo.content AS content,weibo.isturn AS isturn,weibo.time AS time,weibo.turn AS turn,weibo.praise AS praise,weibo.comment AS comment,weibo.uid AS uid,weibo.id AS id,userinfo.username AS username,userinfo.face AS face,picture.mini AS mini,picture.medium AS medium,picture.max AS max FROM wb_weibo weibo LEFT JOIN wb_userinfo userinfo ON weibo.uid=userinfo.uid LEFT JOIN wb_picture picture ON weibo.id=picture.wid WHERE weibo.uid IN ('7','28','29','11','18','25','16','26','22','23','24','20','33','17','17','32','6','30','27','14','8','31','15','21','13','34','5','9','10','12') ORDER BY `time` DESC LIMIT 0,10   [ RunTime:0.0011s ]
SQL: SELECT weibo.content AS content,weibo.isturn AS isturn,weibo.time AS time,weibo.turn AS turn,weibo.praise AS praise,weibo.comment AS comment,weibo.uid AS uid,weibo.id AS id,userinfo.username AS username,userinfo.face AS face,picture.mini AS mini,picture.medium AS medium,picture.max AS max FROM wb_weibo weibo LEFT JOIN wb_userinfo userinfo ON weibo.uid=userinfo.uid LEFT JOIN wb_picture picture ON weibo.id=picture.wid WHERE weibo.id = '1' LIMIT 1   [ RunTime:0.0007s ]
SQL: SELECT weibo.content AS content,weibo.isturn AS isturn,weibo.time AS time,weibo.turn AS turn,weibo.praise AS praise,weibo.comment AS comment,weibo.uid AS uid,weibo.id AS id,userinfo.username AS username,userinfo.face AS face,picture.mini AS mini,picture.medium AS medium,picture.max AS max FROM wb_weibo weibo LEFT JOIN wb_userinfo userinfo ON weibo.uid=userinfo.uid LEFT JOIN wb_picture picture ON weibo.id=picture.wid WHERE weibo.id = '1' LIMIT 1   [ RunTime:0.0005s ]
SQL: SELECT weibo.content AS content,weibo.isturn AS isturn,weibo.time AS time,weibo.turn AS turn,weibo.praise AS praise,weibo.comment AS comment,weibo.uid AS uid,weibo.id AS id,userinfo.username AS username,userinfo.face AS face,picture.mini AS mini,picture.medium AS medium,picture.max AS max FROM wb_weibo weibo LEFT JOIN wb_userinfo userinfo ON weibo.uid=userinfo.uid LEFT JOIN wb_picture picture ON weibo.id=picture.wid WHERE weibo.id = '1' LIMIT 1   [ RunTime:0.0004s ]
SQL: SELECT weibo.content AS content,weibo.isturn AS isturn,weibo.time AS time,weibo.turn AS turn,weibo.praise AS praise,weibo.comment AS comment,weibo.uid AS uid,weibo.id AS id,userinfo.username AS username,userinfo.face AS face,picture.mini AS mini,picture.medium AS medium,picture.max AS max FROM wb_weibo weibo LEFT JOIN wb_userinfo userinfo ON weibo.uid=userinfo.uid LEFT JOIN wb_picture picture ON weibo.id=picture.wid WHERE weibo.id = '1' LIMIT 1   [ RunTime:0.0003s ]
SQL: SELECT weibo.content AS content,weibo.isturn AS isturn,weibo.time AS time,weibo.turn AS turn,weibo.praise AS praise,weibo.comment AS comment,weibo.uid AS uid,weibo.id AS id,userinfo.username AS username,userinfo.face AS face,picture.mini AS mini,picture.medium AS medium,picture.max AS max FROM wb_weibo weibo LEFT JOIN wb_userinfo userinfo ON weibo.uid=userinfo.uid LEFT JOIN wb_picture picture ON weibo.id=picture.wid WHERE weibo.id = '111' LIMIT 1   [ RunTime:0.0005s ]
SQL: SELECT `follow` FROM `wb_follow` WHERE `fans` = 7  [ RunTime:0.0005s ]
SQL: SELECT
                      u.uid,
                      u.username,
                      u.face,
                      u.location,
                      u.sex,
                      COUNT(f.follow) AS count
                 FROM
                      wb_follow f
            LEFT JOIN
                      wb_userinfo u
                   ON
                      f.follow=u.uid
                WHERE
                      f.fans  IN (28,29,11,18,25,16,26,22,23,24,20,33,17,17,32,6,30,27,14,8,31,15,21,13,34,5,9,10,12)
                  AND
                      f.follow NOT IN (28,29,11,18,25,16,26,22,23,24,20,33,17,17,32,6,30,27,14,8,31,15,21,13,34,5,9,10,12)
                  AND
                      f.follow<>7
             GROUP BY
                      f.follow
             ORDER BY
                      count DESC
                LIMIT
                      4
                       [ RunTime:0.0006s ]
INFO: [ view_parse ] --START--
INFO: [ template_filter ] --START--
INFO: Run Behavior\ContentReplaceBehavior [ RunTime:0.000202s ]
INFO: [ template_filter ] --END-- [ RunTime:0.000344s ]
SQL: SELECT `style` FROM `wb_userinfo` WHERE `uid` = 7 LIMIT 1   [ RunTime:0.0004s ]
NOTIC: [8] Use of undefined constant hotwb - assumed 'hotwb' E:\wamp\www\weibo\Index\Runtime\Cache\Home\fbfe47e79fa79c3498950d6bf4c09da3.php 第 351 行.
INFO: Run Behavior\ParseTemplateBehavior [ RunTime:0.069825s ]
INFO: [ view_parse ] --END-- [ RunTime:0.070025s ]
INFO: [ view_filter ] --START--
INFO: Run Behavior\WriteHtmlCacheBehavior [ RunTime:0.000711s ]
INFO: [ view_filter ] --END-- [ RunTime:0.000958s ]
INFO: [ app_end ] --START--
INFO: Run Behavior\ShowPageTraceBehavior [ RunTime:0.001888s ]
INFO: [ app_end ] --END-- [ RunTime:0.002645s ]

[ 2016-04-26T08:34:00+08:00 ] ::1 /weibo/index.php/Home/Search/search?keyword=%E7%8C%AB
INFO: [ app_init ] --START--
INFO: Run Behavior\BuildLiteBehavior [ RunTime:0.000027s ]
INFO: [ app_init ] --END-- [ RunTime:0.000422s ]
INFO: [ app_begin ] --START--
INFO: Run Behavior\ReadHtmlCacheBehavior [ RunTime:0.000429s ]
INFO: [ app_begin ] --END-- [ RunTime:0.000562s ]
SQL: SHOW COLUMNS FROM `wb_userinfo` [ RunTime:0.0051s ]
SQL: SELECT `username`,`intro`,`face`,`sex`,`location`,`follow`,`fans`,`weibo`,`uid`,`id` FROM `wb_userinfo` WHERE `uid` <> '7' AND (  `username` LIKE '%猫%' ) ORDER BY `fans` DESC LIMIT 1   [ RunTime:0.0005s ]
SQL: SHOW COLUMNS FROM `wb_follow` [ RunTime:0.0041s ]
SQL: (SELECT
                      `fans`
                FROM
                      `wb_follow`
                WHERE
                      `follow`=33
                  AND
                      `fans`=7
             ) UNION (SELECT
                            `fans`
                      FROM
                            `wb_follow`
                      WHERE
                            `follow`=7
                      AND
                            `fans`=33
             ) [ RunTime:0.0012s ]
SQL: SELECT `username`,`intro`,`face`,`uid` FROM `wb_userinfo` WHERE `uid` <> '7' AND (  `username` LIKE '%猫%' OR `intro` LIKE '%猫%' ) AND `id` <> '33' ORDER BY `fans` DESC LIMIT 0,6   [ RunTime:0.0004s ]
INFO: [ view_parse ] --START--
INFO: [ template_filter ] --START--
INFO: Run Behavior\ContentReplaceBehavior [ RunTime:0.000161s ]
INFO: [ template_filter ] --END-- [ RunTime:0.000303s ]
NOTIC: [8] Undefined variable: operationWeibo E:\wamp\www\weibo\Index\Runtime\Cache\Home\f91692832e9e0738a2f5e5b9a201644c.php 第 56 行.
SQL: SELECT `style` FROM `wb_userinfo` WHERE `uid` = 7 LIMIT 1   [ RunTime:0.0004s ]
NOTIC: [8] Use of undefined constant hotwb - assumed 'hotwb' E:\wamp\www\weibo\Index\Runtime\Cache\Home\f91692832e9e0738a2f5e5b9a201644c.php 第 182 行.
SQL: SHOW COLUMNS FROM `wb_group` [ RunTime:0.0043s ]
SQL: SELECT * FROM `wb_group` WHERE `uid` = 7  [ RunTime:0.0005s ]
INFO: Run Behavior\ParseTemplateBehavior [ RunTime:0.064104s ]
INFO: [ view_parse ] --END-- [ RunTime:0.064229s ]
INFO: [ view_filter ] --START--
INFO: Run Behavior\WriteHtmlCacheBehavior [ RunTime:0.000433s ]
INFO: [ view_filter ] --END-- [ RunTime:0.000548s ]
INFO: [ app_end ] --START--
INFO: Run Behavior\ShowPageTraceBehavior [ RunTime:0.000622s ]
INFO: [ app_end ] --END-- [ RunTime:0.000752s ]

